<?xml version="1.0" encoding="UTF-8"?>
<testng-results skipped="0" failed="0" total="2" passed="2">
  <reporter-output>
  </reporter-output>
  <suite name="Suite" duration-ms="62" started-at="2016-08-17T05:08:20Z" finished-at="2016-08-17T05:08:20Z">
    <groups>
    </groups>
    <test name="Test" duration-ms="62" started-at="2016-08-17T05:08:20Z" finished-at="2016-08-17T05:08:20Z">
      <class name="com.framework.Demo1">
        <test-method status="PASS" signature="test1()[pri:0, instance:com.framework.Demo1@763d9750]" name="test1" duration-ms="15" started-at="2016-08-17T10:38:20Z" finished-at="2016-08-17T10:38:20Z">
          <reporter-output>
          </reporter-output>
        </test-method> <!-- test1 -->
        <test-method status="PASS" signature="test2()[pri:0, instance:com.framework.Demo1@763d9750]" name="test2" duration-ms="0" started-at="2016-08-17T10:38:20Z" finished-at="2016-08-17T10:38:20Z">
          <reporter-output>
          </reporter-output>
        </test-method> <!-- test2 -->
      </class> <!-- com.framework.Demo1 -->
    </test> <!-- Test -->
  </suite> <!-- Suite -->
</testng-results>
